0 info it worked if it ends with ok
1 verbose cli [ '/usr/local/bin/node',
1 verbose cli   '/usr/local/bin/npm',
1 verbose cli   'run',
1 verbose cli   'build',
1 verbose cli   '--report' ]
2 info using npm@4.1.2
3 info using node@v7.7.3
4 verbose run-script [ 'prebuild', 'build', 'postbuild' ]
5 info lifecycle website-vue@1.0.0~prebuild: website-vue@1.0.0
6 silly lifecycle website-vue@1.0.0~prebuild: no script for prebuild, continuing
7 info lifecycle website-vue@1.0.0~build: website-vue@1.0.0
8 verbose lifecycle website-vue@1.0.0~build: unsafe-perm in lifecycle true
9 verbose lifecycle website-vue@1.0.0~build: PATH: /usr/local/lib/node_modules/npm/bin/node-gyp-bin:/Users/yingjunjie/workplace/2017/website-vue/node_modules/.bin:/usr/local/bin:/usr/bin:/bin:/usr/sbin:/sbin:/usr/local/aria2/bin
10 verbose lifecycle website-vue@1.0.0~build: CWD: /Users/yingjunjie/workplace/2017/website-vue
11 silly lifecycle website-vue@1.0.0~build: Args: [ '-c', 'node build/build.js' ]
12 silly lifecycle website-vue@1.0.0~build: Returned: code: 1  signal: null
13 info lifecycle website-vue@1.0.0~build: Failed to exec build script
14 verbose stack Error: website-vue@1.0.0 build: `node build/build.js`
14 verbose stack Exit status 1
14 verbose stack     at EventEmitter.<anonymous> (/usr/local/lib/node_modules/npm/lib/utils/lifecycle.js:279:16)
14 verbose stack     at emitTwo (events.js:106:13)
14 verbose stack     at EventEmitter.emit (events.js:194:7)
14 verbose stack     at ChildProcess.<anonymous> (/usr/local/lib/node_modules/npm/lib/utils/spawn.js:40:14)
14 verbose stack     at emitTwo (events.js:106:13)
14 verbose stack     at ChildProcess.emit (events.js:194:7)
14 verbose stack     at maybeClose (internal/child_process.js:899:16)
14 verbose stack     at Process.ChildProcess._handle.onexit (internal/child_process.js:226:5)
15 verbose pkgid website-vue@1.0.0
16 verbose cwd /Users/yingjunjie/workplace/2017/website-vue
17 error Darwin 16.7.0
18 error argv "/usr/local/bin/node" "/usr/local/bin/npm" "run" "build" "--report"
19 error node v7.7.3
20 error npm  v4.1.2
21 error code ELIFECYCLE
22 error website-vue@1.0.0 build: `node build/build.js`
22 error Exit status 1
23 error Failed at the website-vue@1.0.0 build script 'node build/build.js'.
23 error Make sure you have the latest version of node.js and npm installed.
23 error If you do, this is most likely a problem with the website-vue package,
23 error not with npm itself.
23 error Tell the author that this fails on your system:
23 error     node build/build.js
23 error You can get information on how to open an issue for this project with:
23 error     npm bugs website-vue
23 error Or if that isn't available, you can get their info via:
23 error     npm owner ls website-vue
23 error There is likely additional logging output above.
24 verbose exit [ 1, true ]
